[    0.000000] Linux version 4.15.0-112-generic (buildd@lcy01-amd64-027) (gcc version 7.5.0 (Ubuntu 7.5.0-3ubuntu1~18.04)) #113-Ubuntu SMP Thu Jul 9 23:41:39 UTC 2020 (Ubuntu 4.15.0-112.113-generic 4.15.18)
[    0.000000] Command line: BOOT_IMAGE=/boot/vmlinuz-4.15.0-112-generic root=LABEL=cloudimg-rootfs ro console=tty1 console=ttyS0
[    0.000000] KERNEL supported cpus:
[    0.000000]   Intel GenuineIntel
[    0.000000]   AMD AuthenticAMD
[    0.000000]   Centaur CentaurHauls
[    0.000000] x86/fpu: Supporting XSAVE feature 0x001: 'x87 floating point registers'
[    0.000000] x86/fpu: Supporting XSAVE feature 0x002: 'SSE registers'
[    0.000000] x86/fpu: Supporting XSAVE feature 0x004: 'AVX registers'
[    0.000000] x86/fpu: xstate_offset[2]:  576, xstate_sizes[2]:  256
[    0.000000] x86/fpu: Enabled xstate features 0x7, context size is 832 bytes, using 'standard' format.
[    0.000000] e820: BIOS-provided physical RAM map:
[    0.000000] BIOS-e820: [mem 0x0000000000000000-0x000000000009fbff] usable
[    0.000000] BIOS-e820: [mem 0x000000000009fc00-0x000000000009ffff] reserved
[    0.000000] BIOS-e820: [mem 0x00000000000f0000-0x00000000000fffff] reserved
[    0.000000] BIOS-e820: [mem 0x0000000000100000-0x000000003ffeffff] usable
[    0.000000] BIOS-e820: [mem 0x000000003fff0000-0x000000003fffffff] ACPI data
[    0.000000] BIOS-e820: [mem 0x00000000fec00000-0x00000000fec00fff] reserved
[    0.000000] BIOS-e820: [mem 0x00000000fee00000-0x00000000fee00fff] reserved
[    0.000000] BIOS-e820: [mem 0x00000000fffc0000-0x00000000ffffffff] reserved
[    0.000000] NX (Execute Disable) protection: active
[    0.000000] SMBIOS 2.5 present.
[    0.000000] DMI: innotek GmbH VirtualBox/VirtualBox, BIOS VirtualBox 12/01/2006
[    0.000000] Hypervisor detected: KVM
[    0.000000] e820: last_pfn = 0x3fff0 max_arch_pfn = 0x400000000
[    0.000000] MTRR: Disabled
[    0.000000] x86/PAT: MTRRs disabled, skipping PAT initialization too.
[    0.000000] CPU MTRRs all blank - virtualized system.
[    0.000000] x86/PAT: Configuration [0-7]: WB  WT  UC- UC  WB  WT  UC- UC  
[    0.000000] found SMP MP-table at [mem 0x0009fff0-0x0009ffff]
[    0.000000] Scanning 1 areas for low memory corruption
[    0.000000] RAMDISK: [mem 0x35a69000-0x36d2bfff]
[    0.000000] ACPI: Early table checksum verification disabled
[    0.000000] ACPI: RSDP 0x00000000000E0000 000024 (v02 VBOX  )
[    0.000000] ACPI: XSDT 0x000000003FFF0030 00003C (v01 VBOX   VBOXXSDT 00000001 ASL  00000061)
[    0.000000] ACPI: FACP 0x000000003FFF00F0 0000F4 (v04 VBOX   VBOXFACP 00000001 ASL  00000061)
[    0.000000] ACPI: DSDT 0x000000003FFF0470 002325 (v02 VBOX   VBOXBIOS 00000002 INTL 20100528)
[    0.000000] ACPI: FACS 0x000000003FFF0200 000040
[    0.000000] ACPI: FACS 0x000000003FFF0200 000040
[    0.000000] ACPI: APIC 0x000000003FFF0240 00005C (v02 VBOX   VBOXAPIC 00000001 ASL  00000061)
[    0.000000] ACPI: SSDT 0x000000003FFF02A0 0001CC (v01 VBOX   VBOXCPUT 00000002 INTL 20100528)
[    0.000000] No NUMA configuration found
[    0.000000] Faking a node at [mem 0x0000000000000000-0x000000003ffeffff]
[    0.000000] NODE_DATA(0) allocated [mem 0x3ffc5000-0x3ffeffff]
[    0.000000] kvm-clock: cpu 0, msr 0:3ff44001, primary cpu clock
[    0.000000] kvm-clock: Using msrs 4b564d01 and 4b564d00
[    0.000000] kvm-clock: using sched offset of 3952398765 cycles
[    0.000000] clocksource: kvm-clock: mask: 0xffffffffffffffff max_cycles: 0x1cd42e4dffb, max_idle_ns: 881590591483 ns
[    0.000000] Zone ranges:
[    0.000000]   DMA      [mem 0x0000000000001000-0x0000000000ffffff]
[    0.000000]   DMA32    [mem 0x0000000001000000-0x000000003ffeffff]
[    0.000000]   Normal   empty
[    0.000000]   Device   empty
[    0.000000] Movable zone start for each node
[    0.000000] Early memory node ranges
[    0.000000]   node   0: [mem 0x0000000000001000-0x000000000009efff]
[    0.000000]   node   0: [mem 0x0000000000100000-0x000000003ffeffff]
[    0.000000] Reserved but unavailable: 98 pages
[    0.000000] Initmem setup node 0 [mem 0x0000000000001000-0x000000003ffeffff]
[    0.000000] ACPI: PM-Timer IO Port: 0x4008
[    0.000000] IOAPIC[0]: apic_id 2, version 32, address 0xfec00000, GSI 0-23
[    0.000000] ACPI: INT_SRC_OVR (bus 0 bus_irq 0 global_irq 2 dfl dfl)
[    0.000000] ACPI: INT_SRC_OVR (bus 0 bus_irq 9 global_irq 9 low level)
[    0.000000] Using ACPI (MADT) for SMP configuration information
[    0.000000] smpboot: Allowing 2 CPUs, 0 hotplug CPUs
[    0.000000] PM: Registered nosave memory: [mem 0x00000000-0x00000fff]
[    0.000000] PM: Registered nosave memory: [mem 0x0009f000-0x0009ffff]
[    0.000000] PM: Registered nosave memory: [mem 0x000a0000-0x000effff]
[    0.000000] PM: Registered nosave memory: [mem 0x000f0000-0x000fffff]
[    0.000000] e820: [mem 0x40000000-0xfebfffff] available for PCI devices
[    0.000000] Booting paravirtualized kernel on KVM
[    0.000000] clocksource: refined-jiffies: mask: 0xffffffff max_cycles: 0xffffffff, max_idle_ns: 7645519600211568 ns
[    0.000000] random: get_random_bytes called from start_kernel+0x99/0x500 with crng_init=0
[    0.000000] setup_percpu: NR_CPUS:8192 nr_cpumask_bits:2 nr_cpu_ids:2 nr_node_ids:1
[    0.000000] percpu: Embedded 45 pages/cpu s147456 r8192 d28672 u1048576
[    0.000000] PV qspinlock hash table entries: 256 (order: 0, 4096 bytes)
[    0.000000] Built 1 zonelists, mobility grouping on.  Total pages: 257913
[    0.000000] Policy zone: DMA32
[    0.000000] Kernel command line: BOOT_IMAGE=/boot/vmlinuz-4.15.0-112-generic root=LABEL=cloudimg-rootfs ro console=tty1 console=ttyS0
[    0.000000] Memory: 983040K/1048120K available (12300K kernel code, 2481K rwdata, 4272K rodata, 2436K init, 2720K bss, 65080K reserved, 0K cma-reserved)
[    0.000000] SLUB: HWalign=64, Order=0-3, MinObjects=0, CPUs=2, Nodes=1
[    0.000000] Kernel/User page tables isolation: enabled
[    0.000000] ftrace: allocating 39378 entries in 154 pages
[    0.004000] Hierarchical RCU implementation.
[    0.004000] 	RCU restricting CPUs from NR_CPUS=8192 to nr_cpu_ids=2.
[    0.004000] 	Tasks RCU enabled.
[    0.004000] RCU: Adjusting geometry for rcu_fanout_leaf=16, nr_cpu_ids=2
[    0.004000] NR_IRQS: 524544, nr_irqs: 440, preallocated irqs: 16
[    0.004000] Console: colour VGA+ 80x25
[    0.004000] console [tty1] enabled
[    0.004000] console [ttyS0] enabled
[    0.004000] ACPI: Core revision 20170831
[    0.004000] ACPI: 2 ACPI AML tables successfully acquired and loaded
[    0.004000] APIC: Switch to symmetric I/O mode setup
[    0.004000] x2apic enabled
[    0.004000] Switched APIC routing to physical x2apic.
[    0.004000] ..TIMER: vector=0x30 apic1=0 pin1=2 apic2=-1 pin2=-1
[    0.004003] tsc: Detected 2591.998 MHz processor
[    0.004751] Calibrating delay loop (skipped) preset value.. 5183.99 BogoMIPS (lpj=10367992)
[    0.005357] pid_max: default: 32768 minimum: 301
[    0.006188] Security Framework initialized
[    0.006964] Yama: becoming mindful.
[    0.008036] AppArmor: AppArmor initialized
[    0.009932] Dentry cache hash table entries: 131072 (order: 8, 1048576 bytes)
[    0.011111] Inode-cache hash table entries: 65536 (order: 7, 524288 bytes)
[    0.012011] Mount-cache hash table entries: 2048 (order: 2, 16384 bytes)
[    0.013065] Mountpoint-cache hash table entries: 2048 (order: 2, 16384 bytes)
[    0.014409] Last level iTLB entries: 4KB 64, 2MB 8, 4MB 8
[    0.016002] Last level dTLB entries: 4KB 64, 2MB 0, 4MB 0, 1GB 4
[    0.016956] Spectre V1 : Mitigation: usercopy/swapgs barriers and __user pointer sanitization
[    0.018371] Spectre V2 : Mitigation: Full generic retpoline
[    0.019274] Spectre V2 : Spectre v2 / SpectreRSB mitigation: Filling RSB on context switch
[    0.020001] Speculative Store Bypass: Vulnerable
[    0.020785] SRBDS: Unknown: Dependent on hypervisor status
[    0.021673] MDS: Mitigation: Clear CPU buffers
[    0.022543] Freeing SMP alternatives memory: 36K
[    0.133022] smpboot: CPU0: Intel(R) Core(TM) i7-9750H CPU @ 2.60GHz (family: 0x6, model: 0x9e, stepping: 0xa)
[    0.135267] Performance Events: unsupported p6 CPU model 158 no PMU driver, software events only.
[    0.136027] Hierarchical SRCU implementation.
[    0.137519] NMI watchdog: Perf event create on CPU 0 failed with -2
[    0.138519] NMI watchdog: Perf NMI watchdog permanently disabled
[    0.139484] smp: Bringing up secondary CPUs ...
[    0.140074] x86: Booting SMP configuration:
[    0.140821] .... node  #0, CPUs:      #1
[    0.004000] kvm-clock: cpu 1, msr 0:3ff44041, secondary cpu clock
[    0.146266] smp: Brought up 1 node, 2 CPUs
[    0.146266] smpboot: Max logical packages: 1
[    0.146266] smpboot: Total of 2 processors activated (10367.99 BogoMIPS)
[    0.148102] devtmpfs: initialized
[    0.148586] x86/mm: Memory block size: 128MB
[    0.149522] evm: security.selinux
[    0.150142] evm: security.SMACK64
[    0.152002] evm: security.SMACK64EXEC
[    0.152637] evm: security.SMACK64TRANSMUTE
[    0.153453] evm: security.SMACK64MMAP
[    0.154059] evm: security.apparmor
[    0.154647] evm: security.ima
[    0.155142] evm: security.capability
[    0.156073] clocksource: jiffies: mask: 0xffffffff max_cycles: 0xffffffff, max_idle_ns: 7645041785100000 ns
[    0.157600] futex hash table entries: 512 (order: 3, 32768 bytes)
[    0.159610] pinctrl core: initialized pinctrl subsystem
[    0.160085] RTC time: 10:30:34, date: 08/05/20
[    0.161098] NET: Registered protocol family 16
[    0.162147] audit: initializing netlink subsys (disabled)
[    0.163052] audit: type=2000 audit(1596623439.734:1): state=initialized audit_enabled=0 res=1
[    0.164017] cpuidle: using governor ladder
[    0.164678] cpuidle: using governor menu
[    0.165354] ACPI: bus type PCI registered
[    0.166006] acpiphp: ACPI Hot Plug PCI Controller Driver version: 0.5
[    0.168086] PCI: Using configuration type 1 for base access
[    0.169011] HugeTLB registered 2.00 MiB page size, pre-allocated 0 pages
[    0.172054] ACPI: Added _OSI(Module Device)
[    0.172732] ACPI: Added _OSI(Processor Device)
[    0.173436] ACPI: Added _OSI(3.0 _SCP Extensions)
[    0.174181] ACPI: Added _OSI(Processor Aggregator Device)
[    0.175091] ACPI: Added _OSI(Linux-Dell-Video)
[    0.175801] ACPI: Added _OSI(Linux-Lenovo-NV-HDMI-Audio)
[    0.176002] ACPI: Added _OSI(Linux-HPI-Hybrid-Graphics)
[    0.177262] ACPI: Executed 1 blocks of module-level executable AML code
[    0.181208] ACPI: Interpreter enabled
[    0.181828] ACPI: (supports S0 S5)
[    0.182391] ACPI: Using IOAPIC for interrupt routing
[    0.183319] PCI: Using host bridge windows from ACPI; if necessary, use "pci=nocrs" and report a bug
[    0.184150] ACPI: Enabled 2 GPEs in block 00 to 07
[    0.190610] ACPI: PCI Root Bridge [PCI0] (domain 0000 [bus 00-ff])
[    0.191688] acpi PNP0A03:00: _OSC: OS supports [ASPM ClockPM Segments MSI]
[    0.192323] acpi PNP0A03:00: _OSC: not requesting OS control; OS requires [ExtendedConfig ASPM ClockPM MSI]
[    0.193899] acpi PNP0A03:00: fail to add MMCONFIG information, can't access extended PCI configuration space under this bridge.
[    0.196380] PCI host bridge to bus 0000:00
[    0.197038] pci_bus 0000:00: root bus resource [io  0x0000-0x0cf7 window]
[    0.198104] pci_bus 0000:00: root bus resource [io  0x0d00-0xffff window]
[    0.199148] pci_bus 0000:00: root bus resource [mem 0x000a0000-0x000bffff window]
[    0.200002] pci_bus 0000:00: root bus resource [mem 0x40000000-0xfdffffff window]
[    0.201403] pci_bus 0000:00: root bus resource [bus 00-ff]
[    0.206126] pci 0000:00:01.1: legacy IDE quirk: reg 0x10: [io  0x01f0-0x01f7]
[    0.208006] pci 0000:00:01.1: legacy IDE quirk: reg 0x14: [io  0x03f6]
[    0.209276] pci 0000:00:01.1: legacy IDE quirk: reg 0x18: [io  0x0170-0x0177]
[    0.211067] pci 0000:00:01.1: legacy IDE quirk: reg 0x1c: [io  0x0376]
[    0.223030] pci 0000:00:07.0: quirk: [io  0x4000-0x403f] claimed by PIIX4 ACPI
[    0.224024] pci 0000:00:07.0: quirk: [io  0x4100-0x410f] claimed by PIIX4 SMB
[    0.234480] ACPI: PCI Interrupt Link [LNKA] (IRQs 5 9 10 *11)
[    0.235667] ACPI: PCI Interrupt Link [LNKB] (IRQs 5 9 *10 11)
[    0.236101] ACPI: PCI Interrupt Link [LNKC] (IRQs 5 *9 10 11)
[    0.237100] ACPI: PCI Interrupt Link [LNKD] (IRQs 5 9 10 *11)
[    0.238310] SCSI subsystem initialized
[    0.238963] pci 0000:00:02.0: vgaarb: setting as boot VGA device
[    0.238963] pci 0000:00:02.0: vgaarb: VGA device added: decodes=io+mem,owns=io+mem,locks=none
[    0.240007] pci 0000:00:02.0: vgaarb: bridge control possible
[    0.240922] vgaarb: loaded
[    0.241399] ACPI: bus type USB registered
[    0.244023] usbcore: registered new interface driver usbfs
[    0.244894] usbcore: registered new interface driver hub
[    0.245736] usbcore: registered new device driver usb
[    0.246586] EDAC MC: Ver: 3.0.0
[    0.246586] PCI: Using ACPI for IRQ routing
[    0.248279] NetLabel: Initializing
[    0.248850] NetLabel:  domain hash size = 128
[    0.249544] NetLabel:  protocols = UNLABELED CIPSOv4 CALIPSO
[    0.250516] NetLabel:  unlabeled traffic allowed by default
[    0.251409] clocksource: Switched to clocksource kvm-clock
[    0.257674] VFS: Disk quotas dquot_6.6.0
[    0.258900] VFS: Dquot-cache hash table entries: 512 (order 0, 4096 bytes)
[    0.260589] AppArmor: AppArmor Filesystem Enabled
[    0.261369] pnp: PnP ACPI init
[    0.263119] pnp: PnP ACPI: found 3 devices
[    0.271636] clocksource: acpi_pm: mask: 0xffffff max_cycles: 0xffffff, max_idle_ns: 2085701024 ns
[    0.273395] NET: Registered protocol family 2
[    0.274433] TCP established hash table entries: 8192 (order: 4, 65536 bytes)
[    0.275713] TCP bind hash table entries: 8192 (order: 5, 131072 bytes)
[    0.277728] TCP: Hash tables configured (established 8192 bind 8192)
[    0.278902] UDP hash table entries: 512 (order: 2, 16384 bytes)
[    0.280167] UDP-Lite hash table entries: 512 (order: 2, 16384 bytes)
[    0.281247] NET: Registered protocol family 1
[    0.281952] pci 0000:00:00.0: Limiting direct PCI/PCI transfers
[    0.283187] pci 0000:00:01.0: Activating ISA DMA hang workarounds
[    0.284494] pci 0000:00:02.0: Video device with shadowed ROM at [mem 0x000c0000-0x000dffff]
[    0.286025] Unpacking initramfs...
[    0.537083] Freeing initrd memory: 19212K
[    0.538221] clocksource: tsc: mask: 0xffffffffffffffff max_cycles: 0x255cb518234, max_idle_ns: 440795279333 ns
[    0.540874] platform rtc_cmos: registered platform RTC device (no PNP device found)
[    0.542342] Scanning for low memory corruption every 60 seconds
[    0.544025] Initialise system trusted keyrings
[    0.544867] Key type blacklist registered
[    0.545659] workingset: timestamp_bits=36 max_order=18 bucket_order=0
[    0.547554] zbud: loaded
[    0.548826] squashfs: version 4.0 (2009/01/31) Phillip Lougher
[    0.550208] fuse init (API version 7.26)
[    0.553377] Key type asymmetric registered
[    0.554183] Asymmetric key parser 'x509' registered
[    0.555044] Block layer SCSI generic (bsg) driver version 0.4 loaded (major 246)
[    0.556341] io scheduler noop registered
[    0.557019] io scheduler deadline registered
[    0.557840] io scheduler cfq registered (default)
[    0.559181] ACPI: AC Adapter [AC] (off-line)
[    0.559957] input: Power Button as /devices/LNXSYSTM:00/LNXPWRBN:00/input/input0
[    0.561251] ACPI: Power Button [PWRF]
[    0.561918] input: Sleep Button as /devices/LNXSYSTM:00/LNXSLPBN:00/input/input1
[    0.563619] ACPI: Sleep Button [SLPF]
[    0.565531] ACPI: Battery Slot [BAT0] (battery present)
[    0.566749] Serial: 8250/16550 driver, 32 ports, IRQ sharing enabled
[    0.589037] 00:02: ttyS0 at I/O 0x3f8 (irq = 4, base_baud = 115200) is a 16550A
[    0.592759] Linux agpgart interface v0.103
[    0.594539] loop: module loaded
[    0.595472] scsi host0: ata_piix
[    0.596153] scsi host1: ata_piix
[    0.596854] ata1: PATA max UDMA/33 cmd 0x1f0 ctl 0x3f6 bmdma 0xd000 irq 14
[    0.597934] ata2: PATA max UDMA/33 cmd 0x170 ctl 0x376 bmdma 0xd008 irq 15
[    0.599093] libphy: Fixed MDIO Bus: probed
[    0.599899] tun: Universal TUN/TAP device driver, 1.6
[    0.600847] PPP generic driver version 2.4.2
[    0.601610] ehci_hcd: USB 2.0 'Enhanced' Host Controller (EHCI) Driver
[    0.602648] ehci-pci: EHCI PCI platform driver
[    0.603387] ehci-platform: EHCI generic platform driver
[    0.604287] ohci_hcd: USB 1.1 'Open' Host Controller (OHCI) Driver
[    0.605279] ohci-pci: OHCI PCI platform driver
[    0.606010] ohci-platform: OHCI generic platform driver
[    0.606907] uhci_hcd: USB Universal Host Controller Interface driver
[    0.608308] i8042: PNP: PS/2 Controller [PNP0303:PS2K,PNP0f03:PS2M] at 0x60,0x64 irq 1,12
[    0.610198] serio: i8042 KBD port at 0x60,0x64 irq 1
[    0.611034] serio: i8042 AUX port at 0x60,0x64 irq 12
[    0.612125] mousedev: PS/2 mouse device common for all mice
[    0.613553] input: AT Translated Set 2 keyboard as /devices/platform/i8042/serio0/input/input2
[    0.615156] rtc_cmos rtc_cmos: rtc core: registered rtc_cmos as rtc0
[    0.616326] rtc_cmos rtc_cmos: alarms up to one day, 114 bytes nvram
[    0.617801] i2c /dev entries driver
[    0.618500] device-mapper: uevent: version 1.0.3
[    0.619627] device-mapper: ioctl: 4.37.0-ioctl (2017-09-20) initialised: dm-devel@redhat.com
[    0.621073] ledtrig-cpu: registered to indicate activity on CPUs
[    0.622650] NET: Registered protocol family 10
[    0.626286] Segment Routing with IPv6
[    0.627073] NET: Registered protocol family 17
[    0.627913] Key type dns_resolver registered
[    0.629400] mce: Using 0 MCE banks
[    0.630177] RAS: Correctable Errors collector initialized.
[    0.631064] sched_clock: Marking stable (629373318, 0)->(770479866, -141106548)
[    0.632580] registered taskstats version 1
[    0.633266] Loading compiled-in X.509 certificates
[    0.635787] Loaded X.509 cert 'Build time autogenerated kernel key: 1d4b83cbc5f7a3cd7e4471a5cf69d65d9314bdf5'
[    0.637603] zswap: loaded using pool lzo/zbud
[    0.640812] Key type big_key registered
[    0.641456] Key type trusted registered
[    0.643219] Key type encrypted registered
[    0.643918] AppArmor: AppArmor sha1 policy hashing enabled
[    0.644864] ima: No TPM chip found, activating TPM-bypass! (rc=-19)
[    0.645863] ima: Allocated hash algorithm: sha1
[    0.646621] evm: HMAC attrs: 0x1
[    0.647425]   Magic number: 0:923:526
[    0.648133] rtc_cmos rtc_cmos: setting system clock to 2020-08-05 10:30:34 UTC (1596623434)
[    0.649592] BIOS EDD facility v0.16 2004-Jun-25, 0 devices found
[    0.650798] EDD information not available.
[    0.782062] Freeing unused kernel image memory: 2436K
[    0.911172] Write protecting the kernel read-only data: 20480k
[    0.914103] Freeing unused kernel image memory: 2008K
[    0.915897] Freeing unused kernel image memory: 1872K
[    0.924199] x86/mm: Checked W+X mappings: passed, no W+X pages found.
[    0.926180] x86/mm: Checking user space page tables
[    0.933339] x86/mm: Checked W+X mappings: passed, no W+X pages found.
Loading, please wait...
starting version 237
[    0.995357] e1000: Intel(R) PRO/1000 Network Driver - version 7.3.21-k8-NAPI
[    0.997307] e1000: Copyright (c) 1999-2006 Intel Corporation.
[    1.001548] Fusion MPT base driver 3.04.20
[    1.002308] Copyright (c) 1999-2008 LSI Corporation
[    1.006860] Fusion MPT SPI Host driver 3.04.20
[    1.017960] AVX2 version of gcm_enc/dec engaged.
[    1.019374] AES CTR mode by8 optimization enabled
[    1.238282] input: ImExPS/2 Generic Explorer Mouse as /devices/platform/i8042/serio1/input/input4
[    1.571125] e1000 0000:00:03.0 eth0: (PCI:33MHz:32-bit) 02:59:f8:fd:ee:87
[    1.573413] e1000 0000:00:03.0 eth0: Intel(R) PRO/1000 Network Connection
[    1.575840] mptbase: ioc0: Initiating bringup
[    2.851158] ioc0: LSI53C1030 A0: Capabilities={Initiator}
[    6.784184] scsi host2: ioc0: LSI53C1030 A0, FwRev=00000000h, Ports=1, MaxQ=256, IRQ=20
[    9.058004] scsi 2:0:0:0: Direct-Access     VBOX     HARDDISK         1.0  PQ: 0 ANSI: 5
[    9.786064] scsi target2:0:0: Beginning Domain Validation
[    9.833585] scsi target2:0:0: Domain Validation skipping write tests
[    9.834826] scsi target2:0:0: Ending Domain Validation
[    9.836260] scsi target2:0:0: asynchronous
[    9.860012] scsi 2:0:1:0: Direct-Access     VBOX     HARDDISK         1.0  PQ: 0 ANSI: 5
[    9.893644] scsi target2:0:1: Beginning Domain Validation
[    9.897154] random: fast init done
[    9.898241] scsi target2:0:1: Domain Validation skipping write tests
[    9.899722] scsi target2:0:1: Ending Domain Validation
[    9.900918] scsi target2:0:1: asynchronous
[    9.905347] random: systemd-udevd: uninitialized urandom read (16 bytes read)
[    9.907081] random: systemd-udevd: uninitialized urandom read (16 bytes read)
[    9.908445] random: systemd-udevd: uninitialized urandom read (16 bytes read)
[    9.910396] sd 2:0:0:0: Attached scsi generic sg0 type 0
[    9.911743] sd 2:0:0:0: [sda] 20971520 512-byte logical blocks: (10.7 GB/10.0 GiB)
[    9.913279] sd 2:0:1:0: Attached scsi generic sg1 type 0
[    9.914362] sd 2:0:0:0: [sda] Write Protect is off
[    9.915328] sd 2:0:1:0: [sdb] 20480 512-byte logical blocks: (10.5 MB/10.0 MiB)
[    9.916918] sd 2:0:0:0: [sda] Incomplete mode parameter data
[    9.918056] sd 2:0:0:0: [sda] Assuming drive cache: write through
[    9.919156] sd 2:0:1:0: [sdb] Write Protect is off
[    9.920229] sd 2:0:1:0: [sdb] Incomplete mode parameter data
[    9.921211] sd 2:0:1:0: [sdb] Assuming drive cache: write through
[    9.923894]  sda: sda1
[    9.925676] sd 2:0:0:0: [sda] Attached SCSI disk
[    9.927022] sd 2:0:1:0: [sdb] Attached SCSI disk
[   10.573186] e1000 0000:00:08.0 eth1: (PCI:33MHz:32-bit) 08:00:27:30:41:d0
[   10.575481] e1000 0000:00:08.0 eth1: Intel(R) PRO/1000 Network Connection
[   10.578800] e1000 0000:00:03.0 enp0s3: renamed from eth0
[   10.781919] e1000 0000:00:08.0 enp0s8: renamed from eth1
Begin: Loading essential drivers ... [   12.136222] raid6: sse2x1   gen() 13932 MB/s
[   12.184319] raid6: sse2x1   xor() 10343 MB/s
[   12.232203] raid6: sse2x2   gen() 17664 MB/s
[   12.280018] raid6: sse2x2   xor() 11656 MB/s
[   12.328225] raid6: sse2x4   gen() 19439 MB/s
[   12.376126] raid6: sse2x4   xor() 12042 MB/s
[   12.424042] raid6: avx2x1   gen() 25881 MB/s
[   12.472214] raid6: avx2x1   xor() 18454 MB/s
[   12.520179] raid6: avx2x2   gen() 31987 MB/s
[   12.568203] raid6: avx2x2   xor() 20930 MB/s
[   12.616083] raid6: avx2x4   gen() 36929 MB/s
[   12.664160] raid6: avx2x4   xor() 22295 MB/s
[   12.665006] raid6: using algorithm avx2x4 gen() 36929 MB/s
[   12.665946] raid6: .... xor() 22295 MB/s, rmw enabled
[   12.666966] raid6: using avx2x2 recovery algorithm
[   12.668772] xor: automatically using best checksumming function   avx       
[   12.670920] async_tx: api initialized (async)
done.
Begin: Running /scripts/init-premount ... done.
Begin: Mounting root file system ... Begin: Running /scripts/local-top ... done.
Begin: Running /scripts/local-premount ... [   12.704601] Btrfs loaded, crc32c=crc32c-intel
Scanning for Btrfs filesystems
done.
Warning: fsck not present, so skipping root file system
[   12.728055] EXT4-fs (sda1): INFO: recovery required on readonly filesystem
[   12.729321] EXT4-fs (sda1): write access will be enabled during recovery
[   12.750801] EXT4-fs (sda1): recovery complete
[   12.751685] EXT4-fs (sda1): mounted filesystem with ordered data mode. Opts: (null)
done.
Begin: Running /scripts/local-bottom ... done.
Begin: Running /scripts/init-bottom ... done.
[   12.917386] ip_tables: (C) 2000-2006 Netfilter Core Team
[   12.926873] systemd[1]: systemd 237 running in system mode. (+PAM +AUDIT +SELINUX +IMA +APPARMOR +SMACK +SYSVINIT +UTMP +LIBCRYPTSETUP +GCRYPT +GNUTLS +ACL +XZ +LZ4 +SECCOMP +BLKID +ELFUTILS +KMOD -IDN2 +IDN -PCRE2 default-hierarchy=hybrid)
[   12.930361] systemd[1]: Detected virtualization oracle.
[   12.931238] systemd[1]: Detected architecture x86-64.

Welcome to [1mUbuntu 18.04.4 LTS[0m!

[   12.938444] systemd[1]: Set hostname to <ubuntu-bionic>.
[   13.176108] systemd[1]: Reached target User and Group Name Lookups.
[[0;32m  OK  [0m] Reached target User and Group Name Lookups.
[   13.178394] systemd[1]: Set up automount Arbitrary Executable File Formats File System Automount Point.
[[0;32m  OK  [0m] Set up automount Arbitrary Executab…rmats File System Automount Point.
[   13.181129] systemd[1]: Started Forward Password Requests to Wall Directory Watch.
[[0;32m  OK  [0m] Started Forward Password Requests to Wall Directory Watch.
[   13.185318] systemd[1]: Created slice System Slice.
[[0;32m  OK  [0m] Created slice System Slice.
[   13.187428] systemd[1]: Created slice system-serial\x2dgetty.slice.
[[0;32m  OK  [0m] Created slice system-serial\x2dgetty.slice.
[   13.189746] systemd[1]: Listening on /dev/initctl Compatibility Named Pipe.
[[0;32m  OK  [0m] Listening on /dev/initctl Compatibility Named Pipe.
[[0;32m  OK  [0m] Listening on Network Service Netlink Socket.
[[0;32m  OK  [0m] Listening on Journal Socket (/dev/log).
[[0;32m  OK  [0m] Listening on Journal Audit Socket.
[[0;32m  OK  [0m] Listening on Syslog Socket.
[[0;32m  OK  [0m] Listening on LVM2 poll daemon socket.
[[0;32m  OK  [0m] Listening on LVM2 metadata daemon socket.
[[0;32m  OK  [0m] Listening on Device-mapper event daemon FIFOs.
[[0;32m  OK  [0m] Listening on Journal Socket.
         Starting Journal Service...
         Starting Monitoring of LVM2 mirrors…ng dmeventd or progress polling...
         Starting Remount Root and Kernel File Systems...
         Mounting Kernel Debug File System...
         Mounting POSIX Message Queue File System...
         Starting Uncomplicated firewall...
[[0;32m  OK  [0m] Created slice User and Session Slice.
         Mounting Huge Pages File System...
[   13.305197] EXT4-fs (sda1): re-mounted. Opts: (null)
[[0;32m  OK  [0m] Listening on udev Control Socket.
[[0;32m  OK  [0m] Listening on udev Kernel Socket.
[[0;32m  OK  [0m] Reached target System Time Synchronized.
         Starting udev Coldplug all Devices...
         Starting Set the console keyboard layout...
         Starting Load Kernel Modules...
[[0;32m  OK  [0m] Reached target Swap.
         Starting Create list of required st…ce nodes for the current kernel...
[[0;32m  OK  [0m] Reached target Slices.
[[0;32m  OK  [0m] Started Journal Service.
[[0;32m  OK  [0m] Started Remount Root and Kernel File Systems.
[[0;32m  OK  [0m] Mounted Kernel Debug File System.
[[0;32m  OK  [0m] Mounted POSIX Message Queue File System.
[[0;32m  OK  [0m] Started Uncomplicated firewall.
[   13.347966] Loading iSCSI transport class v2.0-870.
[[0;32m  OK  [0m] Mounted Huge Pages File System.
[[0;32m  OK  [0m] Started Create list of required sta…vice nodes for the current kernel.
[[0;32m  OK  [0m] Started LVM2 metadata daemon.
         Starting Create Static Device Nodes in /dev...
[   13.355281] iscsi: registered transport (tcp)
         Starting Load/Save Random Seed...
         Starting Flush Journal to Persistent Storage...
[[0;32m  OK  [0m] Started udev Coldplug all Devices.
[[0;32m  OK  [0m] Started Create Static Device Nodes in /dev.
         Starting udev Kernel Device Manager...
[   13.417457] iscsi: registered transport (iser)
[[0;32m  OK  [0m] Started Load Kernel Modules.
[[0;32m  OK  [0m] Started Monitoring of LVM2 mirrors,…sing dmeventd or progress polling.
[[0;32m  OK  [0m] Started Load/Save Random Seed.
         Starting Apply Kernel Variables...
         Mounting Kernel Configuration File System...
         Mounting FUSE Control File System...
[[0;32m  OK  [0m] Mounted Kernel Configuration File System.
[[0;32m  OK  [0m] Mounted FUSE Control File System.
[   13.455706] systemd-journald[396]: Received request to flush runtime journal from PID 1
[[0;32m  OK  [0m] Started udev Kernel Device Manager.
[[0;32m  OK  [0m] Started Apply Kernel Variables.
[[0;32m  OK  [0m] Started Set the console keyboard layout.
[[0;32m  OK  [0m] Started Dispatch Password Requests to Console Directory Watch.
[[0;32m  OK  [0m] Reached target Local Encrypted Volumes.
[[0;32m  OK  [0m] Reached target Local File Systems (Pre).
[[0;32m  OK  [0m] Reached target Local File Systems.
         Starting Enable support for additional executable binary formats...
         Starting Tell Plymouth To Write Out Runtime Data...
         Starting ebtables ruleset management...
         Starting QEMU KVM preparation - module, ksm, hugepages...
         Starting Set console font and keymap...
         Starting AppArmor initialization...
[[0;32m  OK  [0m] Started Flush Journal to Persistent Storage.
[[0;32m  OK  [0m] Started Tell Plymouth To Write Out Runtime Data.
         Mounting Arbitrary Executable File Formats File System...
         Starting Create Volatile Files and Directories...
[[0;32m  OK  [0m] Started Set console font and keymap.
[[0;32m  OK  [0m] Started Create Volatile Files and Directories.
[[0;32m  OK  [0m] Mounted Arbitrary Executable File Formats File System.
         Starting Update UTMP about System Boot/Shutdown...
[[0;32m  OK  [0m] Started QEMU KVM preparation - module, ksm, hugepages.
[[0;32m  OK  [0m] Found device /dev/ttyS0.
[[0;32m  OK  [0m] Started Enable support for additional executable binary formats.
[[0;32m  OK  [0m] Started Update UTMP about System Boot/Shutdown.
[[0;32m  OK  [0m] Started ebtables ruleset management.
[[0;32m  OK  [0m] Listening on Load/Save RF Kill Switch Status /dev/rfkill Watch.
[[0;32m  OK  [0m] Started AppArmor initialization.
         Starting Load AppArmor profiles managed internally by snapd...
         Starting Initial cloud-init job (pre-networking)...
[[0;32m  OK  [0m] Started Load AppArmor profiles managed internally by snapd.
[   15.301959] cloud-init[554]: Cloud-init v. 20.2-45-g5f7825e2-0ubuntu1~18.04.1 running 'init-local' at Wed, 05 Aug 2020 10:30:48 +0000. Up 15.12 seconds.
[[0;32m  OK  [0m] Started Initial cloud-init job (pre-networking).
[[0;32m  OK  [0m] Reached target Network (Pre).
         Starting Network Service...
[[0;32m  OK  [0m] Started Network Service.
         Starting Wait for Network to be Configured...
         Starting Network Name Resolution...
[[0;32m  OK  [0m] Started Network Name Resolution.
[[0;32m  OK  [0m] Reached target Host and Network Name Lookups.
[[0;32m  OK  [0m] Reached target Network.
[[0;32m  OK  [0m] Started Wait for Network to be Configured.
         Starting Initial cloud-init job (metadata service crawler)...
[   17.405632] cloud-init[681]: Cloud-init v. 20.2-45-g5f7825e2-0ubuntu1~18.04.1 running 'init' at Wed, 05 Aug 2020 10:30:51 +0000. Up 17.27 seconds.
[   17.407448] cloud-init[681]: ci-info: ++++++++++++++++++++++++++++++++++++++Net device info+++++++++++++++++++++++++++++++++++++++
[   17.409306] cloud-init[681]: ci-info: +--------+------+-----------------------------+---------------+--------+-------------------+
[   17.411233] cloud-init[681]: ci-info: | Device |  Up  |           Address           |      Mask     | Scope  |     Hw-Address    |
[   17.424427] cloud-init[681]: ci-info: +--------+------+-----------------------------+---------------+--------+-------------------+
[   17.426176] cloud-init[681]: ci-info: | enp0s3 | True |          10.0.2.15          | 255.255.255.0 | global | 02:59:f8:fd:ee:87 |
[   17.440222] cloud-init[681]: ci-info: | enp0s3 | True |  fe80::59:f8ff:fefd:ee87/64 |       .       |  link  | 02:59:f8:fd:ee:87 |
[   17.441278] cloud-init[681]: ci-info: | enp0s8 | True |       192.168.200.200       | 255.255.255.0 | global | 08:00:27:30:41:d0 |
[   17.442694] cloud-init[681]: ci-info: | enp0s8 | True | fe80::a00:27ff:fe30:41d0/64 |       .       |  link  | 08:00:27:30:41:d0 |
[   17.444715] cloud-init[681]: ci-info: |   lo   | True |          127.0.0.1          |   255.0.0.0   |  host  |         .         |
[   17.456146] cloud-init[681]: ci-info: |   lo   | True |           ::1/128           |       .       |  host  |         .         |
[   17.458171] cloud-init[681]: ci-info: +--------+------+-----------------------------+---------------+--------+-------------------+
[   17.459981] cloud-init[681]: ci-info: +++++++++++++++++++++++++++++Route IPv4 info++++++++++++++++++++++++++++++
[   17.461636] cloud-init[681]: ci-info: +-------+---------------+----------+-----------------+-----------+-------+
[   17.463223] cloud-init[681]: ci-info: | Route |  Destination  | Gateway  |     Genmask     | Interface | Flags |
[   17.464562] cloud-init[681]: ci-info: +-------+---------------+----------+-----------------+-----------+-------+
[   17.466118] cloud-init[681]: ci-info: |   0   |    0.0.0.0    | 10.0.2.2 |     0.0.0.0     |   enp0s3  |   UG  |
[   17.467752] cloud-init[681]: ci-info: |   1   |    10.0.2.0   | 0.0.0.0  |  255.255.255.0  |   enp0s3  |   U   |
[   17.469040] cloud-init[681]: ci-info: |   2   |    10.0.2.2   | 0.0.0.0  | 255.255.255.255 |   enp0s3  |   UH  |
[   17.470543] cloud-init[681]: ci-info: |   3   | 192.168.200.0 | 0.0.0.0  |  255.255.255.0  |   enp0s8  |   U   |
[   17.472090] cloud-init[681]: ci-info: +-------+---------------+----------+-----------------+-----------+-------+
[   17.473529] cloud-init[681]: ci-info: +++++++++++++++++++Route IPv6 info+++++++++++++++++++
[   17.474804] cloud-init[681]: ci-info: +-------+-------------+---------+-----------+-------+
[   17.484499] cloud-init[681]: ci-info: | Route | Destination | Gateway | Interface | Flags |
[   17.496265] cloud-init[681]: ci-info: +-------+-------------+---------+-----------+-------+
[   17.497711] cloud-init[681]: ci-info: |   1   |  fe80::/64  |    ::   |   enp0s3  |   U   |
[   17.499059] cloud-init[681]: ci-info: |   2   |  fe80::/64  |    ::   |   enp0s8  |   U   |
[   17.500461] cloud-init[681]: ci-info: |   4   |    local    |    ::   |   enp0s3  |   U   |
[   17.512526] cloud-init[681]: ci-info: |   5   |    local    |    ::   |   enp0s8  |   U   |
[   17.514048] cloud-init[681]: ci-info: |   6   |   ff00::/8  |    ::   |   enp0s3  |   U   |
[   17.515711] cloud-init[681]: ci-info: |   7   |   ff00::/8  |    ::   |   enp0s8  |   U   |
[   17.517366] cloud-init[681]: ci-info: +-------+-------------+---------+-----------+-------+
[[0;32m  OK  [0m] Started Initial cloud-init job (metadata service crawler).
[[0;32m  OK  [0m] Reached target Cloud-config availability.
[[0;32m  OK  [0m] Reached target System Initialization.
         Starting LXD - unix socket.
[[0;32m  OK  [0m] Started ACPI Events Check.
[[0;32m  OK  [0m] Listening on Open-iSCSI iscsid Socket.
[[0;32m  OK  [0m] Listening on D-Bus System Message Bus Socket.
[[0;32m  OK  [0m] Started Message of the Day.
[[0;32m  OK  [0m] Listening on UUID daemon activation socket.
[[0;32m  OK  [0m] Reached target Paths.
[[0;32m  OK  [0m] Started Daily Cleanup of Temporary Directories.
[[0;32m  OK  [0m] Started Daily apt download activities.
[[0;32m  OK  [0m] Started Daily apt upgrade and clean activities.
         Starting Socket activation for snappy daemon.
         Starting Docker Socket for the API.
[[0;32m  OK  [0m] Started Discard unused blocks once a week.
[[0;32m  OK  [0m] Reached target Timers.
[[0;32m  OK  [0m] Listening on ACPID Listen Socket.
[[0;32m  OK  [0m] Reached target Network is Online.
         Starting Availability of block devices...
[[0;32m  OK  [0m] Reached target Remote File Systems (Pre).
[[0;32m  OK  [0m] Reached target Remote File Systems.
[[0;32m  OK  [0m] Listening on LXD - unix socket.
[[0;32m  OK  [0m] Listening on Socket activation for snappy daemon.
[[0;32m  OK  [0m] Listening on Docker Socket for the API.
[[0;32m  OK  [0m] Reached target Sockets.
[[0;32m  OK  [0m] Reached target Basic System.
         Starting Accounts Service...
         Starting Ubuntu FAN network setup...
         Starting Message of the Day...
         Starting Virtualbox guest utils...
[[0;32m  OK  [0m] Started Deferred execution scheduler.
         Starting containerd container runtime...
         Starting LSB: Record successful boot for GRUB...
         Starting Permit User Sessions...
         Starting System Logging Service...
         Starting Login Service...
         Starting OpenBSD Secure Shell server...
         Starting Dispatcher daemon for systemd-networkd...
[[0;32m  OK  [0m] Started Regular background program processing daemon.
         Starting LXD - container startup/shutdown...
         Starting LSB: automatic crash report generation...
[[0;32m  OK  [0m] Started irqbalance daemon.
[[0;32m  OK  [0m] Started D-Bus System Message Bus.
[[0;32m  OK  [0m] Started Login Service.
[[0;32m  OK  [0m] Started Unattended Upgrades Shutdown.
         Starting Snap Daemon...
[[0;32m  OK  [0m] Started FUSE filesystem for LXC.
[[0;32m  OK  [0m] Started System Logging Service.
[[0;32m  OK  [0m] Started Availability of block devices.
[[0;32m  OK  [0m] Started containerd container runtime.
[[0;32m  OK  [0m] Started Permit User Sessions.
[[0;32m  OK  [0m] Started LXD - container startup/shutdown.
[[0;32m  OK  [0m] Started OpenBSD Secure Shell server.
[[0;32m  OK  [0m] Started Ubuntu FAN network setup.
         Starting Authorization Manager...
         Starting Hold until boot process finishes up...
         Starting Terminate Plymouth Boot Screen...
[[0;32m  OK  [0m] Started Hold until boot process finishes up.
[[0;32m  OK  [0m] Started Terminate Plymouth Boot Screen.
[[0;32m  OK  [0m] Started Serial Getty on ttyS0.
         Starting Set console scheme...
[[0;32m  OK  [0m] Started LSB: automatic crash report generation.
[[0;32m  OK  [0m] Started Authorization Manager.
[[0;32m  OK  [0m] Started Accounts Service.
[[0;32m  OK  [0m] Started Set console scheme.
[[0;32m  OK  [0m] Created slice system-getty.slice.
[[0;32m  OK  [0m] Started Getty on tty1.
[[0;32m  OK  [0m] Reached target Login Prompts.
[[0;32m  OK  [0m] Started Virtualbox guest utils.
[[0;32m  OK  [0m] Started LSB: Record successful boot for GRUB.
[[0;32m  OK  [0m] Created slice User Slice of vagrant.
         Starting User Manager for UID 1000...
[[0;32m  OK  [0m] Started Session 1 of user vagrant.
[[0;32m  OK  [0m] Started Dispatcher daemon for systemd-networkd.
[[0;32m  OK  [0m] Started Snap Daemon.
         Starting Wait until snapd is fully seeded...
[[0;32m  OK  [0m] Started Wait until snapd is fully seeded.
         Starting Apply the settings specified in cloud-config...
[[0;32m  OK  [0m] Reached target Multi-User System.
[[0;32m  OK  [0m] Reached target Graphical Interface.
         Starting Update UTMP about System Runlevel Changes...
[[0;32m  OK  [0m] Started User Manager for UID 1000.
[[0;32m  OK  [0m] Started Update UTMP about System Runlevel Changes.
[[0;32m  OK  [0m] Started Message of the Day.
[   20.029448] cloud-init[1408]: Cloud-init v. 20.2-45-g5f7825e2-0ubuntu1~18.04.1 running 'modules:config' at Wed, 05 Aug 2020 10:30:53 +0000. Up 19.88 seconds.
[[0;32m  OK  [0m] Started Apply the settings specified in cloud-config.
         Starting Execute cloud user/final scripts...
[   20.619699] cloud-init[1497]: Cloud-init v. 20.2-45-g5f7825e2-0ubuntu1~18.04.1 running 'modules:final' at Wed, 05 Aug 2020 10:30:54 +0000. Up 20.46 seconds.
[   20.636283] cloud-init[1497]: Cloud-init v. 20.2-45-g5f7825e2-0ubuntu1~18.04.1 finished at Wed, 05 Aug 2020 10:30:54 +0000. Datasource DataSourceNoCloud [seed=/dev/sdb][dsmode=net].  Up 20.61 seconds
[[0;32m  OK  [0m] Started Execute cloud user/final scripts.
[[0;32m  OK  [0m] Reached target Cloud-init target.

Ubuntu 18.04.4 LTS ubuntu-bionic ttyS0

ubuntu-bionic login: 